#! /usr/bin/vvp
:ivl_version "10.1 (stable)";
:ivl_delay_selection "TYPICAL";
:vpi_time_precision - 12;
:vpi_module "system";
:vpi_module "vhdl_sys";
:vpi_module "v2005_math";
:vpi_module "va_math";
:vpi_module "v2009";
S_0x561bb0ce61c0 .scope module, "iob_knn" "iob_knn" 2 6;
 .timescale -9 -12;
    .port_info 0 /INPUT 1 "valid"
    .port_info 1 /INPUT 3 "address"
    .port_info 2 /INPUT 1 "wdata"
    .port_info 3 /INPUT 4 "wstrb"
    .port_info 4 /OUTPUT 32 "rdata"
    .port_info 5 /OUTPUT 1 "ready"
    .port_info 6 /INPUT 1 "clk"
    .port_info 7 /INPUT 1 "rst"
P_0x561bb0ce6340 .param/l "ADDR_W" 0 2 8, +C4<00000000000000000000000000000011>;
P_0x561bb0ce6380 .param/l "DATA_W" 0 2 9, +C4<00000000000000000000000000100000>;
P_0x561bb0ce63c0 .param/l "WDATA_W" 0 2 10, +C4<00000000000000000000000000000001>;
L_0x561bb0ccff20 .functor BUFZ 32, v0x561bb0d07aa0_0, C4<00000000000000000000000000000000>, C4<00000000000000000000000000000000>, C4<00000000000000000000000000000000>;
L_0x561bb0cc1c60 .functor BUFZ 1, v0x561bb0d07c60_0, C4<0>, C4<0>, C4<0>;
v0x561bb0d07300_0 .var "KNN_ENABLE", 0 0;
v0x561bb0d073c0_0 .var "KNN_RESET", 0 0;
v0x561bb0d07460_0 .net "KNN_VALUE", 63 0, L_0x561bb0c88a00;  1 drivers
o0x7f0a056863d8 .functor BUFZ 3, C4<zzz>; HiZ drive
v0x561bb0d07500_0 .net "address", 2 0, o0x7f0a056863d8;  0 drivers
v0x561bb0d075c0_0 .var "bubble", 63 0;
o0x7f0a05686048 .functor BUFZ 1, C4<z>; HiZ drive
v0x561bb0d076a0_0 .net "clk", 0 0, o0x7f0a05686048;  0 drivers
v0x561bb0d07760 .array "distances", 0 99, 63 0;
v0x561bb0d07800_0 .var/i "i", 31 0;
v0x561bb0d078e0_0 .var/i "j", 31 0;
v0x561bb0d079c0_0 .net "rdata", 31 0, L_0x561bb0ccff20;  1 drivers
v0x561bb0d07aa0_0 .var "rdata_int", 31 0;
v0x561bb0d07b80_0 .net "ready", 0 0, L_0x561bb0cc1c60;  1 drivers
v0x561bb0d07c60_0 .var "ready_int", 0 0;
o0x7f0a05686558 .functor BUFZ 1, C4<z>; HiZ drive
v0x561bb0d07d40_0 .net "rst", 0 0, o0x7f0a05686558;  0 drivers
v0x561bb0d07e20_0 .var "rst_int", 0 0;
o0x7f0a05686588 .functor BUFZ 1, C4<z>; HiZ drive
v0x561bb0d07f10_0 .net "valid", 0 0, o0x7f0a05686588;  0 drivers
o0x7f0a056865b8 .functor BUFZ 1, C4<z>; HiZ drive
v0x561bb0d07fd0_0 .net "wdata", 0 0, o0x7f0a056865b8;  0 drivers
v0x561bb0d080b0_0 .var "write", 0 0;
o0x7f0a05686618 .functor BUFZ 4, C4<zzzz>; HiZ drive
v0x561bb0d08190_0 .net "wstrb", 3 0, o0x7f0a05686618;  0 drivers
v0x561bb0d08270_0 .var "x1", 31 0;
v0x561bb0d08360_0 .var "x2", 31 0;
v0x561bb0d08430_0 .var "y1", 31 0;
v0x561bb0d08500_0 .var "y2", 31 0;
E_0x561bb0cc7080 .event posedge, v0x561bb0d07d40_0, v0x561bb0ce40f0_0;
E_0x561bb0cc7450 .event posedge, v0x561bb0ce40f0_0;
E_0x561bb0cc7820 .event edge, v0x561bb0d08190_0;
E_0x561bb0cc7bf0 .event edge, v0x561bb0d07d40_0, v0x561bb0d073c0_0;
E_0x561bb0ce5c60 .event edge, v0x561bb0d07500_0;
S_0x561bb0ce7260 .scope module, "knn0" "knn_core" 2 83, 3 4 0, S_0x561bb0ce61c0;
 .timescale -9 -12;
    .port_info 0 /INPUT 1 "KNN_ENABLE"
    .port_info 1 /INPUT 1 "clk"
    .port_info 2 /INPUT 1 "rst"
    .port_info 3 /INPUT 32 "x1"
    .port_info 4 /INPUT 32 "x2"
    .port_info 5 /INPUT 32 "y1"
    .port_info 6 /INPUT 32 "y2"
    .port_info 7 /OUTPUT 64 "z"
P_0x561bb0ce7430 .param/l "DATA_W" 0 3 6, +C4<00000000000000000000000000100000>;
L_0x561bb0c88a00 .functor BUFZ 64, v0x561bb0ce43e0_0, C4<0000000000000000000000000000000000000000000000000000000000000000>, C4<0000000000000000000000000000000000000000000000000000000000000000>, C4<0000000000000000000000000000000000000000000000000000000000000000>;
v0x561bb0ce3d80_0 .net "KNN_ENABLE", 0 0, v0x561bb0d07300_0;  1 drivers
v0x561bb0ce40f0_0 .net "clk", 0 0, o0x7f0a05686048;  alias, 0 drivers
v0x561bb0ce43e0_0 .var "dist_int", 63 0;
v0x561bb0ce4ea0_0 .var/s "distx", 63 0;
v0x561bb0cddff0_0 .var/s "disty", 63 0;
v0x561bb0d06cc0_0 .net "rst", 0 0, v0x561bb0d07e20_0;  1 drivers
v0x561bb0d06da0_0 .net "x1", 31 0, v0x561bb0d08270_0;  1 drivers
v0x561bb0d06e80_0 .net "x2", 31 0, v0x561bb0d08360_0;  1 drivers
v0x561bb0d06f60_0 .net "y1", 31 0, v0x561bb0d08430_0;  1 drivers
v0x561bb0d07040_0 .net "y2", 31 0, v0x561bb0d08500_0;  1 drivers
v0x561bb0d07120_0 .net "z", 63 0, L_0x561bb0c88a00;  alias, 1 drivers
E_0x561bb0ce5ca0/0 .event edge, v0x561bb0d06da0_0, v0x561bb0d06e80_0, v0x561bb0d06f60_0, v0x561bb0d07040_0;
E_0x561bb0ce5ca0/1 .event edge, v0x561bb0ce4ea0_0, v0x561bb0cddff0_0;
E_0x561bb0ce5ca0 .event/or E_0x561bb0ce5ca0/0, E_0x561bb0ce5ca0/1;
S_0x561bb0ce7090 .scope module, "knn_tb" "knn_tb" 4 5;
 .timescale -9 -12;
P_0x561bb0cc45b0 .param/l "PER" 1 4 7, +C4<00000000000000000000000000001010>;
v0x561bb0d08730_0 .var "KNN_ENABLE", 0 0;
v0x561bb0d08830_0 .var "KNN_SAMPLE", 0 0;
o0x7f0a05686828 .functor BUFZ 64, C4<zzzzzzzzzzzzzzzzzzzzzzzzzzzzzzzzzzzzzzzzzzzzzzzzzzzzzzzzzzzzzzzz>; HiZ drive
v0x561bb0d08910_0 .net "KNN_VALUE", 63 0, o0x7f0a05686828;  0 drivers
v0x561bb0d08a00_0 .var "clk", 0 0;
v0x561bb0d08ac0_0 .var "rst", 0 0;
E_0x561bb0cd15e0 .event posedge, v0x561bb0d08a00_0;
E_0x561bb0cd9890 .event negedge, v0x561bb0d08ac0_0;
E_0x561bb0cd5630 .event posedge, v0x561bb0d08ac0_0;
    .scope S_0x561bb0ce7260;
T_0 ;
    %wait E_0x561bb0ce5ca0;
    %load/vec4 v0x561bb0d06da0_0;
    %pad/u 64;
    %load/vec4 v0x561bb0d06e80_0;
    %pad/u 64;
    %sub;
    %store/vec4 v0x561bb0ce4ea0_0, 0, 64;
    %load/vec4 v0x561bb0d06f60_0;
    %pad/u 64;
    %load/vec4 v0x561bb0d07040_0;
    %pad/u 64;
    %sub;
    %store/vec4 v0x561bb0cddff0_0, 0, 64;
    %load/vec4 v0x561bb0ce4ea0_0;
    %load/vec4 v0x561bb0ce4ea0_0;
    %mul;
    %load/vec4 v0x561bb0cddff0_0;
    %load/vec4 v0x561bb0cddff0_0;
    %mul;
    %add;
    %store/vec4 v0x561bb0ce43e0_0, 0, 64;
    %jmp T_0;
    .thread T_0, $push;
    .scope S_0x561bb0ce61c0;
T_1 ;
    %wait E_0x561bb0ce5c60;
    %pushi/vec4 0, 0, 32;
    %store/vec4 v0x561bb0d07aa0_0, 0, 32;
    %load/vec4 v0x561bb0d07500_0;
    %pushi/vec4 0, 0, 32;
    %store/vec4 v0x561bb0d07aa0_0, 0, 32;
    %jmp T_1.1;
T_1.1 ;
    %pop/vec4 1;
    %jmp T_1;
    .thread T_1, $push;
    .scope S_0x561bb0ce61c0;
T_2 ;
    %wait E_0x561bb0cc7bf0;
    %load/vec4 v0x561bb0d07d40_0;
    %load/vec4 v0x561bb0d073c0_0;
    %or;
    %store/vec4 v0x561bb0d07e20_0, 0, 1;
    %jmp T_2;
    .thread T_2, $push;
    .scope S_0x561bb0ce61c0;
T_3 ;
    %wait E_0x561bb0cc7820;
    %load/vec4 v0x561bb0d08190_0;
    %or/r;
    %store/vec4 v0x561bb0d080b0_0, 0, 1;
    %jmp T_3;
    .thread T_3, $push;
    .scope S_0x561bb0ce61c0;
T_4 ;
    %vpi_call/w 2 45 "$dumpfile", "knn.vcd" {0 0 0};
    %vpi_call/w 2 46 "$dumpvars" {0 0 0};
    %pushi/vec4 0, 0, 32;
    %store/vec4 v0x561bb0d07800_0, 0, 32;
T_4.0 ;
    %load/vec4 v0x561bb0d07800_0;
    %cmpi/s 100, 0, 32;
    %jmp/0xz T_4.1, 5;
    %wait E_0x561bb0cc7450;
    %delay 1000, 0;
    %vpi_func 2 53 "$random" 32 {0 0 0};
    %pushi/vec4 1000, 0, 32;
    %mod;
    %store/vec4 v0x561bb0d08270_0, 0, 32;
    %vpi_func 2 54 "$random" 32 {0 0 0};
    %pushi/vec4 1000, 0, 32;
    %mod;
    %store/vec4 v0x561bb0d08360_0, 0, 32;
    %vpi_func 2 55 "$random" 32 {0 0 0};
    %pushi/vec4 1000, 0, 32;
    %mod;
    %store/vec4 v0x561bb0d08430_0, 0, 32;
    %vpi_func 2 56 "$random" 32 {0 0 0};
    %pushi/vec4 1000, 0, 32;
    %mod;
    %store/vec4 v0x561bb0d08500_0, 0, 32;
    %delay 1000, 0;
    %load/vec4 v0x561bb0d07460_0;
    %ix/getv/s 4, v0x561bb0d07800_0;
    %store/vec4a v0x561bb0d07760, 4, 0;
    %vpi_call/w 2 59 "$display", "Coordenates x1: %d  x2: %d  y1: %d  y2: %d Distance %d", v0x561bb0d08270_0, v0x561bb0d08360_0, v0x561bb0d08430_0, v0x561bb0d08500_0, v0x561bb0d07460_0 {0 0 0};
    %load/vec4 v0x561bb0d07800_0;
    %addi 1, 0, 32;
    %store/vec4 v0x561bb0d07800_0, 0, 32;
    %jmp T_4.0;
T_4.1 ;
    %pushi/vec4 0, 0, 32;
    %store/vec4 v0x561bb0d07800_0, 0, 32;
T_4.2 ;
    %load/vec4 v0x561bb0d07800_0;
    %cmpi/s 99, 0, 32;
    %jmp/0xz T_4.3, 5;
    %pushi/vec4 0, 0, 32;
    %store/vec4 v0x561bb0d078e0_0, 0, 32;
T_4.4 ;
    %load/vec4 v0x561bb0d078e0_0;
    %pushi/vec4 99, 0, 32;
    %load/vec4 v0x561bb0d07800_0;
    %sub;
    %cmp/s;
    %jmp/0xz T_4.5, 5;
    %load/vec4 v0x561bb0d078e0_0;
    %pad/s 33;
    %addi 1, 0, 33;
    %ix/vec4/s 4;
    %load/vec4a v0x561bb0d07760, 4;
    %ix/getv/s 4, v0x561bb0d078e0_0;
    %load/vec4a v0x561bb0d07760, 4;
    %cmp/u;
    %jmp/0xz  T_4.6, 5;
    %ix/getv/s 4, v0x561bb0d078e0_0;
    %load/vec4a v0x561bb0d07760, 4;
    %store/vec4 v0x561bb0d075c0_0, 0, 64;
    %load/vec4 v0x561bb0d078e0_0;
    %pad/s 33;
    %addi 1, 0, 33;
    %ix/vec4/s 4;
    %load/vec4a v0x561bb0d07760, 4;
    %ix/getv/s 4, v0x561bb0d078e0_0;
    %store/vec4a v0x561bb0d07760, 4, 0;
    %load/vec4 v0x561bb0d075c0_0;
    %load/vec4 v0x561bb0d078e0_0;
    %pad/s 33;
    %addi 1, 0, 33;
    %ix/vec4/s 4;
    %store/vec4a v0x561bb0d07760, 4, 0;
T_4.6 ;
    %load/vec4 v0x561bb0d078e0_0;
    %addi 1, 0, 32;
    %store/vec4 v0x561bb0d078e0_0, 0, 32;
    %jmp T_4.4;
T_4.5 ;
    %load/vec4 v0x561bb0d07800_0;
    %addi 1, 0, 32;
    %store/vec4 v0x561bb0d07800_0, 0, 32;
    %jmp T_4.2;
T_4.3 ;
    %pushi/vec4 0, 0, 32;
    %store/vec4 v0x561bb0d07800_0, 0, 32;
T_4.8 ;
    %load/vec4 v0x561bb0d07800_0;
    %cmpi/s 100, 0, 32;
    %jmp/0xz T_4.9, 5;
    %load/vec4 v0x561bb0d07800_0;
    %addi 1, 0, 32;
    %vpi_call/w 2 76 "$display", "Distance %d: %d", S<0,vec4,s32>, &A<v0x561bb0d07760, v0x561bb0d07800_0 > {1 0 0};
    %load/vec4 v0x561bb0d07800_0;
    %addi 1, 0, 32;
    %store/vec4 v0x561bb0d07800_0, 0, 32;
    %jmp T_4.8;
T_4.9 ;
    %wait E_0x561bb0cc7450;
    %delay 100000, 0;
    %vpi_call/w 2 79 "$finish" {0 0 0};
    %end;
    .thread T_4;
    .scope S_0x561bb0ce61c0;
T_5 ;
    %wait E_0x561bb0cc7080;
    %load/vec4 v0x561bb0d07d40_0;
    %flag_set/vec4 8;
    %jmp/0xz  T_5.0, 8;
    %pushi/vec4 0, 0, 1;
    %assign/vec4 v0x561bb0d07c60_0, 0;
    %jmp T_5.1;
T_5.0 ;
    %load/vec4 v0x561bb0d07f10_0;
    %assign/vec4 v0x561bb0d07c60_0, 0;
T_5.1 ;
    %jmp T_5;
    .thread T_5;
    .scope S_0x561bb0ce7090;
T_6 ;
    %pushi/vec4 1, 0, 1;
    %store/vec4 v0x561bb0d08a00_0, 0, 1;
    %end;
    .thread T_6;
    .scope S_0x561bb0ce7090;
T_7 ;
    %delay 5000, 0;
    %load/vec4 v0x561bb0d08a00_0;
    %inv;
    %store/vec4 v0x561bb0d08a00_0, 0, 1;
    %jmp T_7;
    .thread T_7;
    .scope S_0x561bb0ce7090;
T_8 ;
    %pushi/vec4 0, 0, 1;
    %store/vec4 v0x561bb0d08ac0_0, 0, 1;
    %end;
    .thread T_8;
    .scope S_0x561bb0ce7090;
T_9 ;
    %delay 7000, 0;
    %pushi/vec4 1, 0, 1;
    %store/vec4 v0x561bb0d08ac0_0, 0, 1;
    %delay 10000, 0;
    %pushi/vec4 0, 0, 1;
    %store/vec4 v0x561bb0d08ac0_0, 0, 1;
    %end;
    .thread T_9;
    .scope S_0x561bb0ce7090;
T_10 ;
    %vpi_call/w 4 18 "$dumpfile", "knn.vcd" {0 0 0};
    %vpi_call/w 4 19 "$dumpvars" {0 0 0};
    %pushi/vec4 0, 0, 1;
    %store/vec4 v0x561bb0d08730_0, 0, 1;
    %pushi/vec4 0, 0, 1;
    %store/vec4 v0x561bb0d08830_0, 0, 1;
    %wait E_0x561bb0cd5630;
    %wait E_0x561bb0cd9890;
    %wait E_0x561bb0cd15e0;
    %delay 1000, 0;
    %pushi/vec4 1, 0, 1;
    %store/vec4 v0x561bb0d08730_0, 0, 1;
    %wait E_0x561bb0cd15e0;
    %delay 1000, 0;
    %pushi/vec4 1, 0, 1;
    %store/vec4 v0x561bb0d08830_0, 0, 1;
    %wait E_0x561bb0cd15e0;
    %delay 1000, 0;
    %pushi/vec4 0, 0, 1;
    %store/vec4 v0x561bb0d08830_0, 0, 1;
    %vpi_call/w 4 33 "$write", "Current time: %d; Timer value %d\012", $time, v0x561bb0d08910_0 {0 0 0};
    %delay 10000000, 0;
    %wait E_0x561bb0cd15e0;
    %delay 1000, 0;
    %pushi/vec4 1, 0, 1;
    %store/vec4 v0x561bb0d08830_0, 0, 1;
    %wait E_0x561bb0cd15e0;
    %delay 1000, 0;
    %pushi/vec4 0, 0, 1;
    %store/vec4 v0x561bb0d08830_0, 0, 1;
    %vpi_call/w 4 36 "$write", "Current time: %d; Timer value %d\012", $time, v0x561bb0d08910_0 {0 0 0};
    %load/vec4 v0x561bb0d08910_0;
    %cmpi/e 1003, 0, 64;
    %jmp/0xz  T_10.0, 4;
    %vpi_call/w 4 39 "$display", "Test passed" {0 0 0};
    %jmp T_10.1;
T_10.0 ;
    %vpi_call/w 4 41 "$display", "Test failed: expecting knn value 1003 but got %d", v0x561bb0d08910_0 {0 0 0};
T_10.1 ;
    %vpi_call/w 4 43 "$finish" {0 0 0};
    %end;
    .thread T_10;
# The file index is used to find the file name in the following table.
:file_names 5;
    "N/A";
    "<interactive>";
    "../../../hardware/src/iob_knn.v";
    "../../../hardware/src/knn.v";
    "../../../hardware/testbench/knn_tb.v";
